{"/Users/arnaudbeguin/Repos/meetup/react-native-meetup/workshops/meetup-5-flechettes/src/components/GamePage/GamePageView.js": {"path":"/Users/arnaudbeguin/Repos/meetup/react-native-meetup/workshops/meetup-5-flechettes/src/components/GamePage/GamePageView.js","statementMap":{"0":{"start":{"line":1,"column":13},"end":{"line":1,"column":75}},"1":{"start":{"line":1,"column":75},"end":{"line":1,"column":123}},"2":{"start":{"line":1,"column":136},"end":{"line":1,"column":177}},"3":{"start":{"line":2,"column":19},"end":{"line":2,"column":42}},"4":{"start":{"line":2,"column":62},"end":{"line":2,"column":186}},"5":{"start":{"line":2,"column":226},"end":{"line":2,"column":638}},"6":{"start":{"line":2,"column":254},"end":{"line":2,"column":265}},"7":{"start":{"line":2,"column":286},"end":{"line":2,"column":288}},"8":{"start":{"line":2,"column":289},"end":{"line":2,"column":602}},"9":{"start":{"line":2,"column":307},"end":{"line":2,"column":601}},"10":{"start":{"line":2,"column":329},"end":{"line":2,"column":600}},"11":{"start":{"line":2,"column":393},"end":{"line":2,"column":498}},"12":{"start":{"line":2,"column":499},"end":{"line":2,"column":599}},"13":{"start":{"line":2,"column":526},"end":{"line":2,"column":567}},"14":{"start":{"line":2,"column":575},"end":{"line":2,"column":598}},"15":{"start":{"line":2,"column":602},"end":{"line":2,"column":623}},"16":{"start":{"line":2,"column":623},"end":{"line":2,"column":637}},"17":{"start":{"line":2,"column":688},"end":{"line":2,"column":787}},"18":{"start":{"line":2,"column":729},"end":{"line":2,"column":786}},"19":{"start":{"line":2,"column":831},"end":{"line":2,"column":1096}},"20":{"start":{"line":2,"column":888},"end":{"line":2,"column":896}},"21":{"start":{"line":2,"column":897},"end":{"line":2,"column":952}},"22":{"start":{"line":2,"column":952},"end":{"line":2,"column":983}},"23":{"start":{"line":2,"column":983},"end":{"line":2,"column":1037}},"24":{"start":{"line":2,"column":1010},"end":{"line":2,"column":1037}},"25":{"start":{"line":2,"column":1037},"end":{"line":2,"column":1095}},"26":{"start":{"line":2,"column":1158},"end":{"line":2,"column":1227}},"27":{"start":{"line":2,"column":1174},"end":{"line":2,"column":1227}},"28":{"start":{"line":2,"column":1227},"end":{"line":2,"column":1288}},"29":{"start":{"line":2,"column":1244},"end":{"line":2,"column":1288}},"30":{"start":{"line":2,"column":1288},"end":{"line":2,"column":1307}},"31":{"start":{"line":2,"column":1357},"end":{"line":2,"column":1441}},"32":{"start":{"line":2,"column":1428},"end":{"line":2,"column":1440}},"33":{"start":{"line":2,"column":1441},"end":{"line":2,"column":1477}},"34":{"start":{"line":2,"column":1517},"end":{"line":2,"column":1626}},"35":{"start":{"line":2,"column":1539},"end":{"line":2,"column":1625}},"36":{"start":{"line":2,"column":1626},"end":{"line":2,"column":1638}},"37":{"start":{"line":2,"column":1668},"end":{"line":2,"column":1812}},"38":{"start":{"line":2,"column":1763},"end":{"line":2,"column":1810}},"39":{"start":{"line":2,"column":1812},"end":{"line":2,"column":1838}},"40":{"start":{"line":2,"column":1881},"end":{"line":2,"column":2018}},"41":{"start":{"line":2,"column":1943},"end":{"line":2,"column":2017}},"42":{"start":{"line":2,"column":2018},"end":{"line":2,"column":2163}},"43":{"start":{"line":2,"column":2163},"end":{"line":2,"column":2217}},"44":{"start":{"line":2,"column":2179},"end":{"line":2,"column":2217}},"45":{"start":{"line":2,"column":2250},"end":{"line":2,"column":2352}},"46":{"start":{"line":2,"column":2325},"end":{"line":2,"column":2341}},"47":{"start":{"line":2,"column":2341},"end":{"line":2,"column":2350}},"48":{"start":{"line":2,"column":2352},"end":{"line":2,"column":2381}},"49":{"start":{"line":4,"column":15},"end":{"line":9,"column":53}},"50":{"start":{"line":4,"column":42},"end":{"line":4,"column":82}},"51":{"start":{"line":4,"column":107},"end":{"line":4,"column":143}},"52":{"start":{"line":4,"column":143},"end":{"line":4,"column":237}},"53":{"start":{"line":4,"column":238},"end":{"line":9,"column":10}},"54":{"start":{"line":6,"column":6},"end":{"line":7,"column":114}},"55":{"start":{"line":9,"column":10},"end":{"line":9,"column":30}},"56":{"start":{"line":9,"column":54},"end":{"line":9,"column":90}},"57":{"start":{"line":12,"column":0},"end":{"line":12,"column":12}},"58":{"start":{"line":12,"column":13},"end":{"line":12,"column":40}}},"fnMap":{"0":{"name":"_interopRequireWildcard","decl":{"start":{"line":2,"column":196},"end":{"line":2,"column":219}},"loc":{"start":{"line":2,"column":225},"end":{"line":2,"column":639}},"line":2},"1":{"name":"_classCallCheck","decl":{"start":{"line":2,"column":648},"end":{"line":2,"column":663}},"loc":{"start":{"line":2,"column":687},"end":{"line":2,"column":788}},"line":2},"2":{"name":"_defineProperties","decl":{"start":{"line":2,"column":797},"end":{"line":2,"column":814}},"loc":{"start":{"line":2,"column":830},"end":{"line":2,"column":1097}},"line":2},"3":{"name":"_createClass","decl":{"start":{"line":2,"column":1106},"end":{"line":2,"column":1118}},"loc":{"start":{"line":2,"column":1157},"end":{"line":2,"column":1308}},"line":2},"4":{"name":"_possibleConstructorReturn","decl":{"start":{"line":2,"column":1317},"end":{"line":2,"column":1343}},"loc":{"start":{"line":2,"column":1356},"end":{"line":2,"column":1478}},"line":2},"5":{"name":"_assertThisInitialized","decl":{"start":{"line":2,"column":1487},"end":{"line":2,"column":1509}},"loc":{"start":{"line":2,"column":1516},"end":{"line":2,"column":1639}},"line":2},"6":{"name":"_getPrototypeOf","decl":{"start":{"line":2,"column":1648},"end":{"line":2,"column":1663}},"loc":{"start":{"line":2,"column":1667},"end":{"line":2,"column":1839}},"line":2},"7":{"name":"_getPrototypeOf","decl":{"start":{"line":2,"column":1743},"end":{"line":2,"column":1758}},"loc":{"start":{"line":2,"column":1762},"end":{"line":2,"column":1811}},"line":2},"8":{"name":"_inherits","decl":{"start":{"line":2,"column":1848},"end":{"line":2,"column":1857}},"loc":{"start":{"line":2,"column":1880},"end":{"line":2,"column":2218}},"line":2},"9":{"name":"_setPrototypeOf","decl":{"start":{"line":2,"column":2227},"end":{"line":2,"column":2242}},"loc":{"start":{"line":2,"column":2249},"end":{"line":2,"column":2382}},"line":2},"10":{"name":"_setPrototypeOf","decl":{"start":{"line":2,"column":2302},"end":{"line":2,"column":2317}},"loc":{"start":{"line":2,"column":2324},"end":{"line":2,"column":2351}},"line":2},"11":{"name":"(anonymous_11)","decl":{"start":{"line":4,"column":15},"end":{"line":4,"column":16}},"loc":{"start":{"line":4,"column":41},"end":{"line":9,"column":31}},"line":4},"12":{"name":"GamePageView","decl":{"start":{"line":4,"column":91},"end":{"line":4,"column":103}},"loc":{"start":{"line":4,"column":106},"end":{"line":4,"column":238}},"line":4},"13":{"name":"render","decl":{"start":{"line":4,"column":299},"end":{"line":4,"column":305}},"loc":{"start":{"line":5,"column":4},"end":{"line":9,"column":5}},"line":5}},"branchMap":{"0":{"loc":{"start":{"line":2,"column":226},"end":{"line":2,"column":638}},"type":"if","locations":[{"start":{"line":2,"column":226},"end":{"line":2,"column":638}},{"start":{"line":2,"column":226},"end":{"line":2,"column":638}}],"line":2},"1":{"loc":{"start":{"line":2,"column":230},"end":{"line":2,"column":251}},"type":"binary-expr","locations":[{"start":{"line":2,"column":230},"end":{"line":2,"column":233}},{"start":{"line":2,"column":237},"end":{"line":2,"column":251}}],"line":2},"2":{"loc":{"start":{"line":2,"column":289},"end":{"line":2,"column":602}},"type":"if","locations":[{"start":{"line":2,"column":289},"end":{"line":2,"column":602}},{"start":{"line":2,"column":289},"end":{"line":2,"column":602}}],"line":2},"3":{"loc":{"start":{"line":2,"column":329},"end":{"line":2,"column":600}},"type":"if","locations":[{"start":{"line":2,"column":329},"end":{"line":2,"column":600}},{"start":{"line":2,"column":329},"end":{"line":2,"column":600}}],"line":2},"4":{"loc":{"start":{"line":2,"column":393},"end":{"line":2,"column":498}},"type":"cond-expr","locations":[{"start":{"line":2,"column":452},"end":{"line":2,"column":493}},{"start":{"line":2,"column":496},"end":{"line":2,"column":498}}],"line":2},"5":{"loc":{"start":{"line":2,"column":393},"end":{"line":2,"column":449}},"type":"binary-expr","locations":[{"start":{"line":2,"column":393},"end":{"line":2,"column":414}},{"start":{"line":2,"column":418},"end":{"line":2,"column":449}}],"line":2},"6":{"loc":{"start":{"line":2,"column":499},"end":{"line":2,"column":599}},"type":"if","locations":[{"start":{"line":2,"column":499},"end":{"line":2,"column":599}},{"start":{"line":2,"column":499},"end":{"line":2,"column":599}}],"line":2},"7":{"loc":{"start":{"line":2,"column":503},"end":{"line":2,"column":523}},"type":"binary-expr","locations":[{"start":{"line":2,"column":503},"end":{"line":2,"column":511}},{"start":{"line":2,"column":515},"end":{"line":2,"column":523}}],"line":2},"8":{"loc":{"start":{"line":2,"column":688},"end":{"line":2,"column":787}},"type":"if","locations":[{"start":{"line":2,"column":688},"end":{"line":2,"column":787}},{"start":{"line":2,"column":688},"end":{"line":2,"column":787}}],"line":2},"9":{"loc":{"start":{"line":2,"column":921},"end":{"line":2,"column":951}},"type":"binary-expr","locations":[{"start":{"line":2,"column":921},"end":{"line":2,"column":942}},{"start":{"line":2,"column":946},"end":{"line":2,"column":951}}],"line":2},"10":{"loc":{"start":{"line":2,"column":983},"end":{"line":2,"column":1037}},"type":"if","locations":[{"start":{"line":2,"column":983},"end":{"line":2,"column":1037}},{"start":{"line":2,"column":983},"end":{"line":2,"column":1037}}],"line":2},"11":{"loc":{"start":{"line":2,"column":1158},"end":{"line":2,"column":1227}},"type":"if","locations":[{"start":{"line":2,"column":1158},"end":{"line":2,"column":1227}},{"start":{"line":2,"column":1158},"end":{"line":2,"column":1227}}],"line":2},"12":{"loc":{"start":{"line":2,"column":1227},"end":{"line":2,"column":1288}},"type":"if","locations":[{"start":{"line":2,"column":1227},"end":{"line":2,"column":1288}},{"start":{"line":2,"column":1227},"end":{"line":2,"column":1288}}],"line":2},"13":{"loc":{"start":{"line":2,"column":1357},"end":{"line":2,"column":1441}},"type":"if","locations":[{"start":{"line":2,"column":1357},"end":{"line":2,"column":1441}},{"start":{"line":2,"column":1357},"end":{"line":2,"column":1441}}],"line":2},"14":{"loc":{"start":{"line":2,"column":1361},"end":{"line":2,"column":1425}},"type":"binary-expr","locations":[{"start":{"line":2,"column":1361},"end":{"line":2,"column":1365}},{"start":{"line":2,"column":1370},"end":{"line":2,"column":1394}},{"start":{"line":2,"column":1398},"end":{"line":2,"column":1424}}],"line":2},"15":{"loc":{"start":{"line":2,"column":1517},"end":{"line":2,"column":1626}},"type":"if","locations":[{"start":{"line":2,"column":1517},"end":{"line":2,"column":1626}},{"start":{"line":2,"column":1517},"end":{"line":2,"column":1626}}],"line":2},"16":{"loc":{"start":{"line":2,"column":1686},"end":{"line":2,"column":1811}},"type":"cond-expr","locations":[{"start":{"line":2,"column":1710},"end":{"line":2,"column":1731}},{"start":{"line":2,"column":1734},"end":{"line":2,"column":1811}}],"line":2},"17":{"loc":{"start":{"line":2,"column":1770},"end":{"line":2,"column":1809}},"type":"binary-expr","locations":[{"start":{"line":2,"column":1770},"end":{"line":2,"column":1781}},{"start":{"line":2,"column":1785},"end":{"line":2,"column":1809}}],"line":2},"18":{"loc":{"start":{"line":2,"column":1881},"end":{"line":2,"column":2018}},"type":"if","locations":[{"start":{"line":2,"column":1881},"end":{"line":2,"column":2018}},{"start":{"line":2,"column":1881},"end":{"line":2,"column":2018}}],"line":2},"19":{"loc":{"start":{"line":2,"column":1885},"end":{"line":2,"column":1940}},"type":"binary-expr","locations":[{"start":{"line":2,"column":1885},"end":{"line":2,"column":1917}},{"start":{"line":2,"column":1921},"end":{"line":2,"column":1940}}],"line":2},"20":{"loc":{"start":{"line":2,"column":2053},"end":{"line":2,"column":2087}},"type":"binary-expr","locations":[{"start":{"line":2,"column":2053},"end":{"line":2,"column":2063}},{"start":{"line":2,"column":2067},"end":{"line":2,"column":2087}}],"line":2},"21":{"loc":{"start":{"line":2,"column":2163},"end":{"line":2,"column":2217}},"type":"if","locations":[{"start":{"line":2,"column":2163},"end":{"line":2,"column":2217}},{"start":{"line":2,"column":2163},"end":{"line":2,"column":2217}}],"line":2},"22":{"loc":{"start":{"line":2,"column":2268},"end":{"line":2,"column":2351}},"type":"binary-expr","locations":[{"start":{"line":2,"column":2268},"end":{"line":2,"column":2289}},{"start":{"line":2,"column":2293},"end":{"line":2,"column":2351}}],"line":2}},"s":{"0":1,"1":1,"2":1,"3":1,"4":1,"5":1,"6":0,"7":1,"8":1,"9":1,"10":19,"11":19,"12":19,"13":0,"14":19,"15":1,"16":1,"17":1,"18":0,"19":1,"20":1,"21":1,"22":1,"23":1,"24":1,"25":1,"26":1,"27":1,"28":1,"29":0,"30":1,"31":1,"32":0,"33":1,"34":1,"35":0,"36":1,"37":1,"38":0,"39":1,"40":1,"41":0,"42":1,"43":1,"44":1,"45":1,"46":0,"47":0,"48":1,"49":1,"50":1,"51":1,"52":1,"53":1,"54":1,"55":1,"56":1,"57":1,"58":1},"f":{"0":1,"1":1,"2":1,"3":1,"4":1,"5":1,"6":1,"7":0,"8":1,"9":1,"10":0,"11":1,"12":1,"13":1},"b":{"0":[0,1],"1":[1,1],"2":[1,0],"3":[19,0],"4":[19,0],"5":[19,19],"6":[0,19],"7":[19,19],"8":[0,1],"9":[1,1],"10":[1,0],"11":[1,0],"12":[0,1],"13":[0,1],"14":[1,0,0],"15":[0,1],"16":[1,0],"17":[0,0],"18":[0,1],"19":[1,0],"20":[1,1],"21":[1,0],"22":[1,0]},"_coverageSchema":"332fd63041d2c1bcb487cc26dd0d5f7d97098a6c","hash":"0ff5fbc8bd21a7b0bfb62aa1ff064bb1aa7e9b61"}
,"/Users/arnaudbeguin/Repos/meetup/react-native-meetup/workshops/meetup-5-flechettes/src/components/GameScorePage/GameScorePageView.js": {"path":"/Users/arnaudbeguin/Repos/meetup/react-native-meetup/workshops/meetup-5-flechettes/src/components/GameScorePage/GameScorePageView.js","statementMap":{"0":{"start":{"line":1,"column":13},"end":{"line":1,"column":75}},"1":{"start":{"line":1,"column":75},"end":{"line":1,"column":128}},"2":{"start":{"line":1,"column":141},"end":{"line":1,"column":182}},"3":{"start":{"line":2,"column":19},"end":{"line":2,"column":42}},"4":{"start":{"line":2,"column":62},"end":{"line":2,"column":196}},"5":{"start":{"line":2,"column":236},"end":{"line":2,"column":648}},"6":{"start":{"line":2,"column":264},"end":{"line":2,"column":275}},"7":{"start":{"line":2,"column":296},"end":{"line":2,"column":298}},"8":{"start":{"line":2,"column":299},"end":{"line":2,"column":612}},"9":{"start":{"line":2,"column":317},"end":{"line":2,"column":611}},"10":{"start":{"line":2,"column":339},"end":{"line":2,"column":610}},"11":{"start":{"line":2,"column":403},"end":{"line":2,"column":508}},"12":{"start":{"line":2,"column":509},"end":{"line":2,"column":609}},"13":{"start":{"line":2,"column":536},"end":{"line":2,"column":577}},"14":{"start":{"line":2,"column":585},"end":{"line":2,"column":608}},"15":{"start":{"line":2,"column":612},"end":{"line":2,"column":633}},"16":{"start":{"line":2,"column":633},"end":{"line":2,"column":647}},"17":{"start":{"line":2,"column":698},"end":{"line":2,"column":797}},"18":{"start":{"line":2,"column":739},"end":{"line":2,"column":796}},"19":{"start":{"line":2,"column":841},"end":{"line":2,"column":1106}},"20":{"start":{"line":2,"column":898},"end":{"line":2,"column":906}},"21":{"start":{"line":2,"column":907},"end":{"line":2,"column":962}},"22":{"start":{"line":2,"column":962},"end":{"line":2,"column":993}},"23":{"start":{"line":2,"column":993},"end":{"line":2,"column":1047}},"24":{"start":{"line":2,"column":1020},"end":{"line":2,"column":1047}},"25":{"start":{"line":2,"column":1047},"end":{"line":2,"column":1105}},"26":{"start":{"line":2,"column":1168},"end":{"line":2,"column":1237}},"27":{"start":{"line":2,"column":1184},"end":{"line":2,"column":1237}},"28":{"start":{"line":2,"column":1237},"end":{"line":2,"column":1298}},"29":{"start":{"line":2,"column":1254},"end":{"line":2,"column":1298}},"30":{"start":{"line":2,"column":1298},"end":{"line":2,"column":1317}},"31":{"start":{"line":2,"column":1367},"end":{"line":2,"column":1451}},"32":{"start":{"line":2,"column":1438},"end":{"line":2,"column":1450}},"33":{"start":{"line":2,"column":1451},"end":{"line":2,"column":1487}},"34":{"start":{"line":2,"column":1527},"end":{"line":2,"column":1636}},"35":{"start":{"line":2,"column":1549},"end":{"line":2,"column":1635}},"36":{"start":{"line":2,"column":1636},"end":{"line":2,"column":1648}},"37":{"start":{"line":2,"column":1678},"end":{"line":2,"column":1822}},"38":{"start":{"line":2,"column":1773},"end":{"line":2,"column":1820}},"39":{"start":{"line":2,"column":1822},"end":{"line":2,"column":1848}},"40":{"start":{"line":2,"column":1891},"end":{"line":2,"column":2028}},"41":{"start":{"line":2,"column":1953},"end":{"line":2,"column":2027}},"42":{"start":{"line":2,"column":2028},"end":{"line":2,"column":2173}},"43":{"start":{"line":2,"column":2173},"end":{"line":2,"column":2227}},"44":{"start":{"line":2,"column":2189},"end":{"line":2,"column":2227}},"45":{"start":{"line":2,"column":2260},"end":{"line":2,"column":2362}},"46":{"start":{"line":2,"column":2335},"end":{"line":2,"column":2351}},"47":{"start":{"line":2,"column":2351},"end":{"line":2,"column":2360}},"48":{"start":{"line":2,"column":2362},"end":{"line":2,"column":2391}},"49":{"start":{"line":4,"column":20},"end":{"line":9,"column":58}},"50":{"start":{"line":4,"column":47},"end":{"line":4,"column":92}},"51":{"start":{"line":4,"column":122},"end":{"line":4,"column":163}},"52":{"start":{"line":4,"column":163},"end":{"line":4,"column":262}},"53":{"start":{"line":4,"column":263},"end":{"line":9,"column":10}},"54":{"start":{"line":6,"column":6},"end":{"line":7,"column":114}},"55":{"start":{"line":9,"column":10},"end":{"line":9,"column":35}},"56":{"start":{"line":9,"column":59},"end":{"line":9,"column":105}},"57":{"start":{"line":12,"column":0},"end":{"line":12,"column":17}},"58":{"start":{"line":12,"column":18},"end":{"line":12,"column":45}}},"fnMap":{"0":{"name":"_interopRequireWildcard","decl":{"start":{"line":2,"column":206},"end":{"line":2,"column":229}},"loc":{"start":{"line":2,"column":235},"end":{"line":2,"column":649}},"line":2},"1":{"name":"_classCallCheck","decl":{"start":{"line":2,"column":658},"end":{"line":2,"column":673}},"loc":{"start":{"line":2,"column":697},"end":{"line":2,"column":798}},"line":2},"2":{"name":"_defineProperties","decl":{"start":{"line":2,"column":807},"end":{"line":2,"column":824}},"loc":{"start":{"line":2,"column":840},"end":{"line":2,"column":1107}},"line":2},"3":{"name":"_createClass","decl":{"start":{"line":2,"column":1116},"end":{"line":2,"column":1128}},"loc":{"start":{"line":2,"column":1167},"end":{"line":2,"column":1318}},"line":2},"4":{"name":"_possibleConstructorReturn","decl":{"start":{"line":2,"column":1327},"end":{"line":2,"column":1353}},"loc":{"start":{"line":2,"column":1366},"end":{"line":2,"column":1488}},"line":2},"5":{"name":"_assertThisInitialized","decl":{"start":{"line":2,"column":1497},"end":{"line":2,"column":1519}},"loc":{"start":{"line":2,"column":1526},"end":{"line":2,"column":1649}},"line":2},"6":{"name":"_getPrototypeOf","decl":{"start":{"line":2,"column":1658},"end":{"line":2,"column":1673}},"loc":{"start":{"line":2,"column":1677},"end":{"line":2,"column":1849}},"line":2},"7":{"name":"_getPrototypeOf","decl":{"start":{"line":2,"column":1753},"end":{"line":2,"column":1768}},"loc":{"start":{"line":2,"column":1772},"end":{"line":2,"column":1821}},"line":2},"8":{"name":"_inherits","decl":{"start":{"line":2,"column":1858},"end":{"line":2,"column":1867}},"loc":{"start":{"line":2,"column":1890},"end":{"line":2,"column":2228}},"line":2},"9":{"name":"_setPrototypeOf","decl":{"start":{"line":2,"column":2237},"end":{"line":2,"column":2252}},"loc":{"start":{"line":2,"column":2259},"end":{"line":2,"column":2392}},"line":2},"10":{"name":"_setPrototypeOf","decl":{"start":{"line":2,"column":2312},"end":{"line":2,"column":2327}},"loc":{"start":{"line":2,"column":2334},"end":{"line":2,"column":2361}},"line":2},"11":{"name":"(anonymous_11)","decl":{"start":{"line":4,"column":20},"end":{"line":4,"column":21}},"loc":{"start":{"line":4,"column":46},"end":{"line":9,"column":36}},"line":4},"12":{"name":"GameScorePageView","decl":{"start":{"line":4,"column":101},"end":{"line":4,"column":118}},"loc":{"start":{"line":4,"column":121},"end":{"line":4,"column":263}},"line":4},"13":{"name":"render","decl":{"start":{"line":4,"column":329},"end":{"line":4,"column":335}},"loc":{"start":{"line":5,"column":4},"end":{"line":9,"column":5}},"line":5}},"branchMap":{"0":{"loc":{"start":{"line":2,"column":236},"end":{"line":2,"column":648}},"type":"if","locations":[{"start":{"line":2,"column":236},"end":{"line":2,"column":648}},{"start":{"line":2,"column":236},"end":{"line":2,"column":648}}],"line":2},"1":{"loc":{"start":{"line":2,"column":240},"end":{"line":2,"column":261}},"type":"binary-expr","locations":[{"start":{"line":2,"column":240},"end":{"line":2,"column":243}},{"start":{"line":2,"column":247},"end":{"line":2,"column":261}}],"line":2},"2":{"loc":{"start":{"line":2,"column":299},"end":{"line":2,"column":612}},"type":"if","locations":[{"start":{"line":2,"column":299},"end":{"line":2,"column":612}},{"start":{"line":2,"column":299},"end":{"line":2,"column":612}}],"line":2},"3":{"loc":{"start":{"line":2,"column":339},"end":{"line":2,"column":610}},"type":"if","locations":[{"start":{"line":2,"column":339},"end":{"line":2,"column":610}},{"start":{"line":2,"column":339},"end":{"line":2,"column":610}}],"line":2},"4":{"loc":{"start":{"line":2,"column":403},"end":{"line":2,"column":508}},"type":"cond-expr","locations":[{"start":{"line":2,"column":462},"end":{"line":2,"column":503}},{"start":{"line":2,"column":506},"end":{"line":2,"column":508}}],"line":2},"5":{"loc":{"start":{"line":2,"column":403},"end":{"line":2,"column":459}},"type":"binary-expr","locations":[{"start":{"line":2,"column":403},"end":{"line":2,"column":424}},{"start":{"line":2,"column":428},"end":{"line":2,"column":459}}],"line":2},"6":{"loc":{"start":{"line":2,"column":509},"end":{"line":2,"column":609}},"type":"if","locations":[{"start":{"line":2,"column":509},"end":{"line":2,"column":609}},{"start":{"line":2,"column":509},"end":{"line":2,"column":609}}],"line":2},"7":{"loc":{"start":{"line":2,"column":513},"end":{"line":2,"column":533}},"type":"binary-expr","locations":[{"start":{"line":2,"column":513},"end":{"line":2,"column":521}},{"start":{"line":2,"column":525},"end":{"line":2,"column":533}}],"line":2},"8":{"loc":{"start":{"line":2,"column":698},"end":{"line":2,"column":797}},"type":"if","locations":[{"start":{"line":2,"column":698},"end":{"line":2,"column":797}},{"start":{"line":2,"column":698},"end":{"line":2,"column":797}}],"line":2},"9":{"loc":{"start":{"line":2,"column":931},"end":{"line":2,"column":961}},"type":"binary-expr","locations":[{"start":{"line":2,"column":931},"end":{"line":2,"column":952}},{"start":{"line":2,"column":956},"end":{"line":2,"column":961}}],"line":2},"10":{"loc":{"start":{"line":2,"column":993},"end":{"line":2,"column":1047}},"type":"if","locations":[{"start":{"line":2,"column":993},"end":{"line":2,"column":1047}},{"start":{"line":2,"column":993},"end":{"line":2,"column":1047}}],"line":2},"11":{"loc":{"start":{"line":2,"column":1168},"end":{"line":2,"column":1237}},"type":"if","locations":[{"start":{"line":2,"column":1168},"end":{"line":2,"column":1237}},{"start":{"line":2,"column":1168},"end":{"line":2,"column":1237}}],"line":2},"12":{"loc":{"start":{"line":2,"column":1237},"end":{"line":2,"column":1298}},"type":"if","locations":[{"start":{"line":2,"column":1237},"end":{"line":2,"column":1298}},{"start":{"line":2,"column":1237},"end":{"line":2,"column":1298}}],"line":2},"13":{"loc":{"start":{"line":2,"column":1367},"end":{"line":2,"column":1451}},"type":"if","locations":[{"start":{"line":2,"column":1367},"end":{"line":2,"column":1451}},{"start":{"line":2,"column":1367},"end":{"line":2,"column":1451}}],"line":2},"14":{"loc":{"start":{"line":2,"column":1371},"end":{"line":2,"column":1435}},"type":"binary-expr","locations":[{"start":{"line":2,"column":1371},"end":{"line":2,"column":1375}},{"start":{"line":2,"column":1380},"end":{"line":2,"column":1404}},{"start":{"line":2,"column":1408},"end":{"line":2,"column":1434}}],"line":2},"15":{"loc":{"start":{"line":2,"column":1527},"end":{"line":2,"column":1636}},"type":"if","locations":[{"start":{"line":2,"column":1527},"end":{"line":2,"column":1636}},{"start":{"line":2,"column":1527},"end":{"line":2,"column":1636}}],"line":2},"16":{"loc":{"start":{"line":2,"column":1696},"end":{"line":2,"column":1821}},"type":"cond-expr","locations":[{"start":{"line":2,"column":1720},"end":{"line":2,"column":1741}},{"start":{"line":2,"column":1744},"end":{"line":2,"column":1821}}],"line":2},"17":{"loc":{"start":{"line":2,"column":1780},"end":{"line":2,"column":1819}},"type":"binary-expr","locations":[{"start":{"line":2,"column":1780},"end":{"line":2,"column":1791}},{"start":{"line":2,"column":1795},"end":{"line":2,"column":1819}}],"line":2},"18":{"loc":{"start":{"line":2,"column":1891},"end":{"line":2,"column":2028}},"type":"if","locations":[{"start":{"line":2,"column":1891},"end":{"line":2,"column":2028}},{"start":{"line":2,"column":1891},"end":{"line":2,"column":2028}}],"line":2},"19":{"loc":{"start":{"line":2,"column":1895},"end":{"line":2,"column":1950}},"type":"binary-expr","locations":[{"start":{"line":2,"column":1895},"end":{"line":2,"column":1927}},{"start":{"line":2,"column":1931},"end":{"line":2,"column":1950}}],"line":2},"20":{"loc":{"start":{"line":2,"column":2063},"end":{"line":2,"column":2097}},"type":"binary-expr","locations":[{"start":{"line":2,"column":2063},"end":{"line":2,"column":2073}},{"start":{"line":2,"column":2077},"end":{"line":2,"column":2097}}],"line":2},"21":{"loc":{"start":{"line":2,"column":2173},"end":{"line":2,"column":2227}},"type":"if","locations":[{"start":{"line":2,"column":2173},"end":{"line":2,"column":2227}},{"start":{"line":2,"column":2173},"end":{"line":2,"column":2227}}],"line":2},"22":{"loc":{"start":{"line":2,"column":2278},"end":{"line":2,"column":2361}},"type":"binary-expr","locations":[{"start":{"line":2,"column":2278},"end":{"line":2,"column":2299}},{"start":{"line":2,"column":2303},"end":{"line":2,"column":2361}}],"line":2}},"s":{"0":1,"1":1,"2":1,"3":1,"4":1,"5":1,"6":0,"7":1,"8":1,"9":1,"10":19,"11":19,"12":19,"13":0,"14":19,"15":1,"16":1,"17":1,"18":0,"19":1,"20":1,"21":1,"22":1,"23":1,"24":1,"25":1,"26":1,"27":1,"28":1,"29":0,"30":1,"31":1,"32":0,"33":1,"34":1,"35":0,"36":1,"37":1,"38":0,"39":1,"40":1,"41":0,"42":1,"43":1,"44":1,"45":1,"46":0,"47":0,"48":1,"49":1,"50":1,"51":1,"52":1,"53":1,"54":1,"55":1,"56":1,"57":1,"58":1},"f":{"0":1,"1":1,"2":1,"3":1,"4":1,"5":1,"6":1,"7":0,"8":1,"9":1,"10":0,"11":1,"12":1,"13":1},"b":{"0":[0,1],"1":[1,1],"2":[1,0],"3":[19,0],"4":[19,0],"5":[19,19],"6":[0,19],"7":[19,19],"8":[0,1],"9":[1,1],"10":[1,0],"11":[1,0],"12":[0,1],"13":[0,1],"14":[1,0,0],"15":[0,1],"16":[1,0],"17":[0,0],"18":[0,1],"19":[1,0],"20":[1,1],"21":[1,0],"22":[1,0]},"_coverageSchema":"332fd63041d2c1bcb487cc26dd0d5f7d97098a6c","hash":"4f0e959e836a251855eeba6567caa1a138ff0431"}
,"/Users/arnaudbeguin/Repos/meetup/react-native-meetup/workshops/meetup-5-flechettes/src/components/PlayerScorePage/PlayerScorePageView.js": {"path":"/Users/arnaudbeguin/Repos/meetup/react-native-meetup/workshops/meetup-5-flechettes/src/components/PlayerScorePage/PlayerScorePageView.js","statementMap":{"0":{"start":{"line":1,"column":13},"end":{"line":1,"column":75}},"1":{"start":{"line":1,"column":75},"end":{"line":1,"column":130}},"2":{"start":{"line":1,"column":143},"end":{"line":1,"column":184}},"3":{"start":{"line":2,"column":19},"end":{"line":2,"column":42}},"4":{"start":{"line":2,"column":62},"end":{"line":2,"column":200}},"5":{"start":{"line":2,"column":240},"end":{"line":2,"column":652}},"6":{"start":{"line":2,"column":268},"end":{"line":2,"column":279}},"7":{"start":{"line":2,"column":300},"end":{"line":2,"column":302}},"8":{"start":{"line":2,"column":303},"end":{"line":2,"column":616}},"9":{"start":{"line":2,"column":321},"end":{"line":2,"column":615}},"10":{"start":{"line":2,"column":343},"end":{"line":2,"column":614}},"11":{"start":{"line":2,"column":407},"end":{"line":2,"column":512}},"12":{"start":{"line":2,"column":513},"end":{"line":2,"column":613}},"13":{"start":{"line":2,"column":540},"end":{"line":2,"column":581}},"14":{"start":{"line":2,"column":589},"end":{"line":2,"column":612}},"15":{"start":{"line":2,"column":616},"end":{"line":2,"column":637}},"16":{"start":{"line":2,"column":637},"end":{"line":2,"column":651}},"17":{"start":{"line":2,"column":702},"end":{"line":2,"column":801}},"18":{"start":{"line":2,"column":743},"end":{"line":2,"column":800}},"19":{"start":{"line":2,"column":845},"end":{"line":2,"column":1110}},"20":{"start":{"line":2,"column":902},"end":{"line":2,"column":910}},"21":{"start":{"line":2,"column":911},"end":{"line":2,"column":966}},"22":{"start":{"line":2,"column":966},"end":{"line":2,"column":997}},"23":{"start":{"line":2,"column":997},"end":{"line":2,"column":1051}},"24":{"start":{"line":2,"column":1024},"end":{"line":2,"column":1051}},"25":{"start":{"line":2,"column":1051},"end":{"line":2,"column":1109}},"26":{"start":{"line":2,"column":1172},"end":{"line":2,"column":1241}},"27":{"start":{"line":2,"column":1188},"end":{"line":2,"column":1241}},"28":{"start":{"line":2,"column":1241},"end":{"line":2,"column":1302}},"29":{"start":{"line":2,"column":1258},"end":{"line":2,"column":1302}},"30":{"start":{"line":2,"column":1302},"end":{"line":2,"column":1321}},"31":{"start":{"line":2,"column":1371},"end":{"line":2,"column":1455}},"32":{"start":{"line":2,"column":1442},"end":{"line":2,"column":1454}},"33":{"start":{"line":2,"column":1455},"end":{"line":2,"column":1491}},"34":{"start":{"line":2,"column":1531},"end":{"line":2,"column":1640}},"35":{"start":{"line":2,"column":1553},"end":{"line":2,"column":1639}},"36":{"start":{"line":2,"column":1640},"end":{"line":2,"column":1652}},"37":{"start":{"line":2,"column":1682},"end":{"line":2,"column":1826}},"38":{"start":{"line":2,"column":1777},"end":{"line":2,"column":1824}},"39":{"start":{"line":2,"column":1826},"end":{"line":2,"column":1852}},"40":{"start":{"line":2,"column":1895},"end":{"line":2,"column":2032}},"41":{"start":{"line":2,"column":1957},"end":{"line":2,"column":2031}},"42":{"start":{"line":2,"column":2032},"end":{"line":2,"column":2177}},"43":{"start":{"line":2,"column":2177},"end":{"line":2,"column":2231}},"44":{"start":{"line":2,"column":2193},"end":{"line":2,"column":2231}},"45":{"start":{"line":2,"column":2264},"end":{"line":2,"column":2366}},"46":{"start":{"line":2,"column":2339},"end":{"line":2,"column":2355}},"47":{"start":{"line":2,"column":2355},"end":{"line":2,"column":2364}},"48":{"start":{"line":2,"column":2366},"end":{"line":2,"column":2395}},"49":{"start":{"line":4,"column":22},"end":{"line":9,"column":60}},"50":{"start":{"line":4,"column":49},"end":{"line":4,"column":96}},"51":{"start":{"line":4,"column":128},"end":{"line":4,"column":171}},"52":{"start":{"line":4,"column":171},"end":{"line":4,"column":272}},"53":{"start":{"line":4,"column":273},"end":{"line":9,"column":10}},"54":{"start":{"line":6,"column":6},"end":{"line":7,"column":114}},"55":{"start":{"line":9,"column":10},"end":{"line":9,"column":37}},"56":{"start":{"line":9,"column":61},"end":{"line":9,"column":111}},"57":{"start":{"line":12,"column":0},"end":{"line":12,"column":19}},"58":{"start":{"line":12,"column":20},"end":{"line":12,"column":47}}},"fnMap":{"0":{"name":"_interopRequireWildcard","decl":{"start":{"line":2,"column":210},"end":{"line":2,"column":233}},"loc":{"start":{"line":2,"column":239},"end":{"line":2,"column":653}},"line":2},"1":{"name":"_classCallCheck","decl":{"start":{"line":2,"column":662},"end":{"line":2,"column":677}},"loc":{"start":{"line":2,"column":701},"end":{"line":2,"column":802}},"line":2},"2":{"name":"_defineProperties","decl":{"start":{"line":2,"column":811},"end":{"line":2,"column":828}},"loc":{"start":{"line":2,"column":844},"end":{"line":2,"column":1111}},"line":2},"3":{"name":"_createClass","decl":{"start":{"line":2,"column":1120},"end":{"line":2,"column":1132}},"loc":{"start":{"line":2,"column":1171},"end":{"line":2,"column":1322}},"line":2},"4":{"name":"_possibleConstructorReturn","decl":{"start":{"line":2,"column":1331},"end":{"line":2,"column":1357}},"loc":{"start":{"line":2,"column":1370},"end":{"line":2,"column":1492}},"line":2},"5":{"name":"_assertThisInitialized","decl":{"start":{"line":2,"column":1501},"end":{"line":2,"column":1523}},"loc":{"start":{"line":2,"column":1530},"end":{"line":2,"column":1653}},"line":2},"6":{"name":"_getPrototypeOf","decl":{"start":{"line":2,"column":1662},"end":{"line":2,"column":1677}},"loc":{"start":{"line":2,"column":1681},"end":{"line":2,"column":1853}},"line":2},"7":{"name":"_getPrototypeOf","decl":{"start":{"line":2,"column":1757},"end":{"line":2,"column":1772}},"loc":{"start":{"line":2,"column":1776},"end":{"line":2,"column":1825}},"line":2},"8":{"name":"_inherits","decl":{"start":{"line":2,"column":1862},"end":{"line":2,"column":1871}},"loc":{"start":{"line":2,"column":1894},"end":{"line":2,"column":2232}},"line":2},"9":{"name":"_setPrototypeOf","decl":{"start":{"line":2,"column":2241},"end":{"line":2,"column":2256}},"loc":{"start":{"line":2,"column":2263},"end":{"line":2,"column":2396}},"line":2},"10":{"name":"_setPrototypeOf","decl":{"start":{"line":2,"column":2316},"end":{"line":2,"column":2331}},"loc":{"start":{"line":2,"column":2338},"end":{"line":2,"column":2365}},"line":2},"11":{"name":"(anonymous_11)","decl":{"start":{"line":4,"column":22},"end":{"line":4,"column":23}},"loc":{"start":{"line":4,"column":48},"end":{"line":9,"column":38}},"line":4},"12":{"name":"PlayerScorePageView","decl":{"start":{"line":4,"column":105},"end":{"line":4,"column":124}},"loc":{"start":{"line":4,"column":127},"end":{"line":4,"column":273}},"line":4},"13":{"name":"render","decl":{"start":{"line":4,"column":341},"end":{"line":4,"column":347}},"loc":{"start":{"line":5,"column":4},"end":{"line":9,"column":5}},"line":5}},"branchMap":{"0":{"loc":{"start":{"line":2,"column":240},"end":{"line":2,"column":652}},"type":"if","locations":[{"start":{"line":2,"column":240},"end":{"line":2,"column":652}},{"start":{"line":2,"column":240},"end":{"line":2,"column":652}}],"line":2},"1":{"loc":{"start":{"line":2,"column":244},"end":{"line":2,"column":265}},"type":"binary-expr","locations":[{"start":{"line":2,"column":244},"end":{"line":2,"column":247}},{"start":{"line":2,"column":251},"end":{"line":2,"column":265}}],"line":2},"2":{"loc":{"start":{"line":2,"column":303},"end":{"line":2,"column":616}},"type":"if","locations":[{"start":{"line":2,"column":303},"end":{"line":2,"column":616}},{"start":{"line":2,"column":303},"end":{"line":2,"column":616}}],"line":2},"3":{"loc":{"start":{"line":2,"column":343},"end":{"line":2,"column":614}},"type":"if","locations":[{"start":{"line":2,"column":343},"end":{"line":2,"column":614}},{"start":{"line":2,"column":343},"end":{"line":2,"column":614}}],"line":2},"4":{"loc":{"start":{"line":2,"column":407},"end":{"line":2,"column":512}},"type":"cond-expr","locations":[{"start":{"line":2,"column":466},"end":{"line":2,"column":507}},{"start":{"line":2,"column":510},"end":{"line":2,"column":512}}],"line":2},"5":{"loc":{"start":{"line":2,"column":407},"end":{"line":2,"column":463}},"type":"binary-expr","locations":[{"start":{"line":2,"column":407},"end":{"line":2,"column":428}},{"start":{"line":2,"column":432},"end":{"line":2,"column":463}}],"line":2},"6":{"loc":{"start":{"line":2,"column":513},"end":{"line":2,"column":613}},"type":"if","locations":[{"start":{"line":2,"column":513},"end":{"line":2,"column":613}},{"start":{"line":2,"column":513},"end":{"line":2,"column":613}}],"line":2},"7":{"loc":{"start":{"line":2,"column":517},"end":{"line":2,"column":537}},"type":"binary-expr","locations":[{"start":{"line":2,"column":517},"end":{"line":2,"column":525}},{"start":{"line":2,"column":529},"end":{"line":2,"column":537}}],"line":2},"8":{"loc":{"start":{"line":2,"column":702},"end":{"line":2,"column":801}},"type":"if","locations":[{"start":{"line":2,"column":702},"end":{"line":2,"column":801}},{"start":{"line":2,"column":702},"end":{"line":2,"column":801}}],"line":2},"9":{"loc":{"start":{"line":2,"column":935},"end":{"line":2,"column":965}},"type":"binary-expr","locations":[{"start":{"line":2,"column":935},"end":{"line":2,"column":956}},{"start":{"line":2,"column":960},"end":{"line":2,"column":965}}],"line":2},"10":{"loc":{"start":{"line":2,"column":997},"end":{"line":2,"column":1051}},"type":"if","locations":[{"start":{"line":2,"column":997},"end":{"line":2,"column":1051}},{"start":{"line":2,"column":997},"end":{"line":2,"column":1051}}],"line":2},"11":{"loc":{"start":{"line":2,"column":1172},"end":{"line":2,"column":1241}},"type":"if","locations":[{"start":{"line":2,"column":1172},"end":{"line":2,"column":1241}},{"start":{"line":2,"column":1172},"end":{"line":2,"column":1241}}],"line":2},"12":{"loc":{"start":{"line":2,"column":1241},"end":{"line":2,"column":1302}},"type":"if","locations":[{"start":{"line":2,"column":1241},"end":{"line":2,"column":1302}},{"start":{"line":2,"column":1241},"end":{"line":2,"column":1302}}],"line":2},"13":{"loc":{"start":{"line":2,"column":1371},"end":{"line":2,"column":1455}},"type":"if","locations":[{"start":{"line":2,"column":1371},"end":{"line":2,"column":1455}},{"start":{"line":2,"column":1371},"end":{"line":2,"column":1455}}],"line":2},"14":{"loc":{"start":{"line":2,"column":1375},"end":{"line":2,"column":1439}},"type":"binary-expr","locations":[{"start":{"line":2,"column":1375},"end":{"line":2,"column":1379}},{"start":{"line":2,"column":1384},"end":{"line":2,"column":1408}},{"start":{"line":2,"column":1412},"end":{"line":2,"column":1438}}],"line":2},"15":{"loc":{"start":{"line":2,"column":1531},"end":{"line":2,"column":1640}},"type":"if","locations":[{"start":{"line":2,"column":1531},"end":{"line":2,"column":1640}},{"start":{"line":2,"column":1531},"end":{"line":2,"column":1640}}],"line":2},"16":{"loc":{"start":{"line":2,"column":1700},"end":{"line":2,"column":1825}},"type":"cond-expr","locations":[{"start":{"line":2,"column":1724},"end":{"line":2,"column":1745}},{"start":{"line":2,"column":1748},"end":{"line":2,"column":1825}}],"line":2},"17":{"loc":{"start":{"line":2,"column":1784},"end":{"line":2,"column":1823}},"type":"binary-expr","locations":[{"start":{"line":2,"column":1784},"end":{"line":2,"column":1795}},{"start":{"line":2,"column":1799},"end":{"line":2,"column":1823}}],"line":2},"18":{"loc":{"start":{"line":2,"column":1895},"end":{"line":2,"column":2032}},"type":"if","locations":[{"start":{"line":2,"column":1895},"end":{"line":2,"column":2032}},{"start":{"line":2,"column":1895},"end":{"line":2,"column":2032}}],"line":2},"19":{"loc":{"start":{"line":2,"column":1899},"end":{"line":2,"column":1954}},"type":"binary-expr","locations":[{"start":{"line":2,"column":1899},"end":{"line":2,"column":1931}},{"start":{"line":2,"column":1935},"end":{"line":2,"column":1954}}],"line":2},"20":{"loc":{"start":{"line":2,"column":2067},"end":{"line":2,"column":2101}},"type":"binary-expr","locations":[{"start":{"line":2,"column":2067},"end":{"line":2,"column":2077}},{"start":{"line":2,"column":2081},"end":{"line":2,"column":2101}}],"line":2},"21":{"loc":{"start":{"line":2,"column":2177},"end":{"line":2,"column":2231}},"type":"if","locations":[{"start":{"line":2,"column":2177},"end":{"line":2,"column":2231}},{"start":{"line":2,"column":2177},"end":{"line":2,"column":2231}}],"line":2},"22":{"loc":{"start":{"line":2,"column":2282},"end":{"line":2,"column":2365}},"type":"binary-expr","locations":[{"start":{"line":2,"column":2282},"end":{"line":2,"column":2303}},{"start":{"line":2,"column":2307},"end":{"line":2,"column":2365}}],"line":2}},"s":{"0":1,"1":1,"2":1,"3":1,"4":1,"5":1,"6":0,"7":1,"8":1,"9":1,"10":19,"11":19,"12":19,"13":0,"14":19,"15":1,"16":1,"17":1,"18":0,"19":1,"20":1,"21":1,"22":1,"23":1,"24":1,"25":1,"26":1,"27":1,"28":1,"29":0,"30":1,"31":1,"32":0,"33":1,"34":1,"35":0,"36":1,"37":1,"38":0,"39":1,"40":1,"41":0,"42":1,"43":1,"44":1,"45":1,"46":0,"47":0,"48":1,"49":1,"50":1,"51":1,"52":1,"53":1,"54":1,"55":1,"56":1,"57":1,"58":1},"f":{"0":1,"1":1,"2":1,"3":1,"4":1,"5":1,"6":1,"7":0,"8":1,"9":1,"10":0,"11":1,"12":1,"13":1},"b":{"0":[0,1],"1":[1,1],"2":[1,0],"3":[19,0],"4":[19,0],"5":[19,19],"6":[0,19],"7":[19,19],"8":[0,1],"9":[1,1],"10":[1,0],"11":[1,0],"12":[0,1],"13":[0,1],"14":[1,0,0],"15":[0,1],"16":[1,0],"17":[0,0],"18":[0,1],"19":[1,0],"20":[1,1],"21":[1,0],"22":[1,0]},"_coverageSchema":"332fd63041d2c1bcb487cc26dd0d5f7d97098a6c","hash":"2987966ad6711c4b7987ab2e4d6ef880fc788789"}
,"/Users/arnaudbeguin/Repos/meetup/react-native-meetup/workshops/meetup-5-flechettes/src/components/PlayerSelectionPage/PlayerSelectionPageView.js": {"path":"/Users/arnaudbeguin/Repos/meetup/react-native-meetup/workshops/meetup-5-flechettes/src/components/PlayerSelectionPage/PlayerSelectionPageView.js","statementMap":{"0":{"start":{"line":1,"column":13},"end":{"line":1,"column":75}},"1":{"start":{"line":1,"column":75},"end":{"line":1,"column":100}},"2":{"start":{"line":1,"column":113},"end":{"line":1,"column":154}},"3":{"start":{"line":2,"column":19},"end":{"line":2,"column":42}},"4":{"start":{"line":3,"column":21},"end":{"line":3,"column":79}},"5":{"start":{"line":3,"column":99},"end":{"line":3,"column":245}},"6":{"start":{"line":3,"column":284},"end":{"line":3,"column":338}},"7":{"start":{"line":3,"column":378},"end":{"line":3,"column":790}},"8":{"start":{"line":3,"column":406},"end":{"line":3,"column":417}},"9":{"start":{"line":3,"column":438},"end":{"line":3,"column":440}},"10":{"start":{"line":3,"column":441},"end":{"line":3,"column":754}},"11":{"start":{"line":3,"column":459},"end":{"line":3,"column":753}},"12":{"start":{"line":3,"column":481},"end":{"line":3,"column":752}},"13":{"start":{"line":3,"column":545},"end":{"line":3,"column":650}},"14":{"start":{"line":3,"column":651},"end":{"line":3,"column":751}},"15":{"start":{"line":3,"column":678},"end":{"line":3,"column":719}},"16":{"start":{"line":3,"column":727},"end":{"line":3,"column":750}},"17":{"start":{"line":3,"column":754},"end":{"line":3,"column":775}},"18":{"start":{"line":3,"column":775},"end":{"line":3,"column":789}},"19":{"start":{"line":3,"column":823},"end":{"line":3,"column":1243}},"20":{"start":{"line":3,"column":880},"end":{"line":3,"column":920}},"21":{"start":{"line":3,"column":935},"end":{"line":3,"column":954}},"22":{"start":{"line":3,"column":955},"end":{"line":3,"column":1165}},"23":{"start":{"line":3,"column":1012},"end":{"line":3,"column":1164}},"24":{"start":{"line":3,"column":1097},"end":{"line":3,"column":1160}},"25":{"start":{"line":3,"column":1165},"end":{"line":3,"column":1242}},"26":{"start":{"line":3,"column":1197},"end":{"line":3,"column":1239}},"27":{"start":{"line":3,"column":1243},"end":{"line":3,"column":1257}},"28":{"start":{"line":3,"column":1301},"end":{"line":3,"column":1448}},"29":{"start":{"line":3,"column":1318},"end":{"line":3,"column":1422}},"30":{"start":{"line":3,"column":1430},"end":{"line":3,"column":1447}},"31":{"start":{"line":3,"column":1448},"end":{"line":3,"column":1459}},"32":{"start":{"line":3,"column":1494},"end":{"line":3,"column":1574}},"33":{"start":{"line":3,"column":1606},"end":{"line":3,"column":1677}},"34":{"start":{"line":3,"column":1711},"end":{"line":3,"column":1885}},"35":{"start":{"line":3,"column":1861},"end":{"line":3,"column":1885}},"36":{"start":{"line":3,"column":1920},"end":{"line":3,"column":2044}},"37":{"start":{"line":3,"column":1945},"end":{"line":3,"column":2031}},"38":{"start":{"line":3,"column":2013},"end":{"line":3,"column":2030}},"39":{"start":{"line":3,"column":2031},"end":{"line":3,"column":2043}},"40":{"start":{"line":3,"column":2094},"end":{"line":3,"column":2193}},"41":{"start":{"line":3,"column":2135},"end":{"line":3,"column":2192}},"42":{"start":{"line":3,"column":2237},"end":{"line":3,"column":2502}},"43":{"start":{"line":3,"column":2294},"end":{"line":3,"column":2302}},"44":{"start":{"line":3,"column":2303},"end":{"line":3,"column":2358}},"45":{"start":{"line":3,"column":2358},"end":{"line":3,"column":2389}},"46":{"start":{"line":3,"column":2389},"end":{"line":3,"column":2443}},"47":{"start":{"line":3,"column":2416},"end":{"line":3,"column":2443}},"48":{"start":{"line":3,"column":2443},"end":{"line":3,"column":2501}},"49":{"start":{"line":3,"column":2564},"end":{"line":3,"column":2633}},"50":{"start":{"line":3,"column":2580},"end":{"line":3,"column":2633}},"51":{"start":{"line":3,"column":2633},"end":{"line":3,"column":2694}},"52":{"start":{"line":3,"column":2650},"end":{"line":3,"column":2694}},"53":{"start":{"line":3,"column":2694},"end":{"line":3,"column":2713}},"54":{"start":{"line":3,"column":2763},"end":{"line":3,"column":2847}},"55":{"start":{"line":3,"column":2834},"end":{"line":3,"column":2846}},"56":{"start":{"line":3,"column":2847},"end":{"line":3,"column":2883}},"57":{"start":{"line":3,"column":2923},"end":{"line":3,"column":3032}},"58":{"start":{"line":3,"column":2945},"end":{"line":3,"column":3031}},"59":{"start":{"line":3,"column":3032},"end":{"line":3,"column":3044}},"60":{"start":{"line":3,"column":3074},"end":{"line":3,"column":3218}},"61":{"start":{"line":3,"column":3169},"end":{"line":3,"column":3216}},"62":{"start":{"line":3,"column":3218},"end":{"line":3,"column":3244}},"63":{"start":{"line":3,"column":3287},"end":{"line":3,"column":3424}},"64":{"start":{"line":3,"column":3349},"end":{"line":3,"column":3423}},"65":{"start":{"line":3,"column":3424},"end":{"line":3,"column":3569}},"66":{"start":{"line":3,"column":3569},"end":{"line":3,"column":3623}},"67":{"start":{"line":3,"column":3585},"end":{"line":3,"column":3623}},"68":{"start":{"line":3,"column":3656},"end":{"line":3,"column":3758}},"69":{"start":{"line":3,"column":3731},"end":{"line":3,"column":3747}},"70":{"start":{"line":3,"column":3747},"end":{"line":3,"column":3756}},"71":{"start":{"line":3,"column":3758},"end":{"line":3,"column":3787}},"72":{"start":{"line":5,"column":0},"end":{"line":5,"column":37}},"73":{"start":{"line":5,"column":47},"end":{"line":5,"column":69}},"74":{"start":{"line":5,"column":80},"end":{"line":5,"column":103}},"75":{"start":{"line":7,"column":26},"end":{"line":57,"column":60}},"76":{"start":{"line":7,"column":49},"end":{"line":7,"column":96}},"77":{"start":{"line":8,"column":53},"end":{"line":8,"column":100}},"78":{"start":{"line":9,"column":4},"end":{"line":9,"column":105}},"79":{"start":{"line":9,"column":105},"end":{"line":17,"column":6}},"80":{"start":{"line":14,"column":20},"end":{"line":14,"column":59}},"81":{"start":{"line":15,"column":6},"end":{"line":15,"column":73}},"82":{"start":{"line":16,"column":6},"end":{"line":16,"column":43}},"83":{"start":{"line":17,"column":6},"end":{"line":24,"column":6}},"84":{"start":{"line":20,"column":18},"end":{"line":20,"column":41}},"85":{"start":{"line":21,"column":6},"end":{"line":23,"column":7}},"86":{"start":{"line":22,"column":8},"end":{"line":22,"column":103}},"87":{"start":{"line":24,"column":6},"end":{"line":32,"column":6}},"88":{"start":{"line":32,"column":6},"end":{"line":32,"column":62}},"89":{"start":{"line":32,"column":62},"end":{"line":32,"column":75}},"90":{"start":{"line":32,"column":76},"end":{"line":57,"column":10}},"91":{"start":{"line":32,"column":176},"end":{"line":32,"column":301}},"92":{"start":{"line":32,"column":212},"end":{"line":32,"column":298}},"93":{"start":{"line":32,"column":271},"end":{"line":32,"column":293}},"94":{"start":{"line":34,"column":18},"end":{"line":34,"column":22}},"95":{"start":{"line":35,"column":24},"end":{"line":35,"column":46}},"96":{"start":{"line":35,"column":59},"end":{"line":35,"column":75}},"97":{"start":{"line":35,"column":89},"end":{"line":35,"column":106}},"98":{"start":{"line":35,"column":116},"end":{"line":35,"column":129}},"99":{"start":{"line":36,"column":6},"end":{"line":54,"column":162}},"100":{"start":{"line":41,"column":53},"end":{"line":41,"column":92}},"101":{"start":{"line":45,"column":47},"end":{"line":50,"column":231}},"102":{"start":{"line":49,"column":137},"end":{"line":49,"column":169}},"103":{"start":{"line":50,"column":137},"end":{"line":50,"column":169}},"104":{"start":{"line":57,"column":10},"end":{"line":57,"column":41}},"105":{"start":{"line":57,"column":61},"end":{"line":57,"column":103}},"106":{"start":{"line":60,"column":13},"end":{"line":75,"column":29}}},"fnMap":{"0":{"name":"_interopRequireDefault","decl":{"start":{"line":3,"column":255},"end":{"line":3,"column":277}},"loc":{"start":{"line":3,"column":283},"end":{"line":3,"column":339}},"line":3},"1":{"name":"_interopRequireWildcard","decl":{"start":{"line":3,"column":348},"end":{"line":3,"column":371}},"loc":{"start":{"line":3,"column":377},"end":{"line":3,"column":791}},"line":3},"2":{"name":"_objectSpread","decl":{"start":{"line":3,"column":800},"end":{"line":3,"column":813}},"loc":{"start":{"line":3,"column":822},"end":{"line":3,"column":1258}},"line":3},"3":{"name":"(anonymous_3)","decl":{"start":{"line":3,"column":1081},"end":{"line":3,"column":1082}},"loc":{"start":{"line":3,"column":1096},"end":{"line":3,"column":1161}},"line":3},"4":{"name":"(anonymous_4)","decl":{"start":{"line":3,"column":1181},"end":{"line":3,"column":1182}},"loc":{"start":{"line":3,"column":1196},"end":{"line":3,"column":1240}},"line":3},"5":{"name":"_defineProperty","decl":{"start":{"line":3,"column":1267},"end":{"line":3,"column":1282}},"loc":{"start":{"line":3,"column":1300},"end":{"line":3,"column":1460}},"line":3},"6":{"name":"_toConsumableArray","decl":{"start":{"line":3,"column":1469},"end":{"line":3,"column":1487}},"loc":{"start":{"line":3,"column":1493},"end":{"line":3,"column":1575}},"line":3},"7":{"name":"_nonIterableSpread","decl":{"start":{"line":3,"column":1584},"end":{"line":3,"column":1602}},"loc":{"start":{"line":3,"column":1605},"end":{"line":3,"column":1678}},"line":3},"8":{"name":"_iterableToArray","decl":{"start":{"line":3,"column":1687},"end":{"line":3,"column":1703}},"loc":{"start":{"line":3,"column":1710},"end":{"line":3,"column":1886}},"line":3},"9":{"name":"_arrayWithoutHoles","decl":{"start":{"line":3,"column":1895},"end":{"line":3,"column":1913}},"loc":{"start":{"line":3,"column":1919},"end":{"line":3,"column":2045}},"line":3},"10":{"name":"_classCallCheck","decl":{"start":{"line":3,"column":2054},"end":{"line":3,"column":2069}},"loc":{"start":{"line":3,"column":2093},"end":{"line":3,"column":2194}},"line":3},"11":{"name":"_defineProperties","decl":{"start":{"line":3,"column":2203},"end":{"line":3,"column":2220}},"loc":{"start":{"line":3,"column":2236},"end":{"line":3,"column":2503}},"line":3},"12":{"name":"_createClass","decl":{"start":{"line":3,"column":2512},"end":{"line":3,"column":2524}},"loc":{"start":{"line":3,"column":2563},"end":{"line":3,"column":2714}},"line":3},"13":{"name":"_possibleConstructorReturn","decl":{"start":{"line":3,"column":2723},"end":{"line":3,"column":2749}},"loc":{"start":{"line":3,"column":2762},"end":{"line":3,"column":2884}},"line":3},"14":{"name":"_assertThisInitialized","decl":{"start":{"line":3,"column":2893},"end":{"line":3,"column":2915}},"loc":{"start":{"line":3,"column":2922},"end":{"line":3,"column":3045}},"line":3},"15":{"name":"_getPrototypeOf","decl":{"start":{"line":3,"column":3054},"end":{"line":3,"column":3069}},"loc":{"start":{"line":3,"column":3073},"end":{"line":3,"column":3245}},"line":3},"16":{"name":"_getPrototypeOf","decl":{"start":{"line":3,"column":3149},"end":{"line":3,"column":3164}},"loc":{"start":{"line":3,"column":3168},"end":{"line":3,"column":3217}},"line":3},"17":{"name":"_inherits","decl":{"start":{"line":3,"column":3254},"end":{"line":3,"column":3263}},"loc":{"start":{"line":3,"column":3286},"end":{"line":3,"column":3624}},"line":3},"18":{"name":"_setPrototypeOf","decl":{"start":{"line":3,"column":3633},"end":{"line":3,"column":3648}},"loc":{"start":{"line":3,"column":3655},"end":{"line":3,"column":3788}},"line":3},"19":{"name":"_setPrototypeOf","decl":{"start":{"line":3,"column":3708},"end":{"line":3,"column":3723}},"loc":{"start":{"line":3,"column":3730},"end":{"line":3,"column":3757}},"line":3},"20":{"name":"(anonymous_20)","decl":{"start":{"line":7,"column":26},"end":{"line":7,"column":27}},"loc":{"start":{"line":7,"column":48},"end":{"line":57,"column":42}},"line":7},"21":{"name":"PlayerSelectionPageView","decl":{"start":{"line":8,"column":11},"end":{"line":8,"column":34}},"loc":{"start":{"line":8,"column":42},"end":{"line":32,"column":76}},"line":8},"22":{"name":"(anonymous_22)","decl":{"start":{"line":13,"column":17},"end":{"line":13,"column":18}},"loc":{"start":{"line":13,"column":33},"end":{"line":17,"column":5}},"line":13},"23":{"name":"(anonymous_23)","decl":{"start":{"line":19,"column":16},"end":{"line":19,"column":17}},"loc":{"start":{"line":19,"column":28},"end":{"line":24,"column":5}},"line":19},"24":{"name":"(anonymous_24)","decl":{"start":{"line":30,"column":16},"end":{"line":30,"column":17}},"loc":{"start":{"line":30,"column":28},"end":{"line":32,"column":5}},"line":30},"25":{"name":"removePlayer","decl":{"start":{"line":32,"column":154},"end":{"line":32,"column":166}},"loc":{"start":{"line":32,"column":175},"end":{"line":32,"column":302}},"line":32},"26":{"name":"(anonymous_26)","decl":{"start":{"line":32,"column":190},"end":{"line":32,"column":191}},"loc":{"start":{"line":32,"column":211},"end":{"line":32,"column":299}},"line":32},"27":{"name":"(anonymous_27)","decl":{"start":{"line":32,"column":255},"end":{"line":32,"column":256}},"loc":{"start":{"line":32,"column":270},"end":{"line":32,"column":294}},"line":32},"28":{"name":"render","decl":{"start":{"line":32,"column":339},"end":{"line":32,"column":345}},"loc":{"start":{"line":34,"column":4},"end":{"line":57,"column":5}},"line":34},"29":{"name":"onChangeText","decl":{"start":{"line":41,"column":33},"end":{"line":41,"column":45}},"loc":{"start":{"line":41,"column":52},"end":{"line":41,"column":93}},"line":41},"30":{"name":"(anonymous_30)","decl":{"start":{"line":45,"column":31},"end":{"line":45,"column":32}},"loc":{"start":{"line":45,"column":46},"end":{"line":50,"column":232}},"line":45},"31":{"name":"onPress","decl":{"start":{"line":49,"column":126},"end":{"line":49,"column":133}},"loc":{"start":{"line":49,"column":136},"end":{"line":49,"column":170}},"line":49},"32":{"name":"onPress","decl":{"start":{"line":50,"column":126},"end":{"line":50,"column":133}},"loc":{"start":{"line":50,"column":136},"end":{"line":50,"column":170}},"line":50}},"branchMap":{"0":{"loc":{"start":{"line":3,"column":291},"end":{"line":3,"column":337}},"type":"cond-expr","locations":[{"start":{"line":3,"column":315},"end":{"line":3,"column":318}},{"start":{"line":3,"column":321},"end":{"line":3,"column":337}}],"line":3},"1":{"loc":{"start":{"line":3,"column":291},"end":{"line":3,"column":312}},"type":"binary-expr","locations":[{"start":{"line":3,"column":291},"end":{"line":3,"column":294}},{"start":{"line":3,"column":298},"end":{"line":3,"column":312}}],"line":3},"2":{"loc":{"start":{"line":3,"column":378},"end":{"line":3,"column":790}},"type":"if","locations":[{"start":{"line":3,"column":378},"end":{"line":3,"column":790}},{"start":{"line":3,"column":378},"end":{"line":3,"column":790}}],"line":3},"3":{"loc":{"start":{"line":3,"column":382},"end":{"line":3,"column":403}},"type":"binary-expr","locations":[{"start":{"line":3,"column":382},"end":{"line":3,"column":385}},{"start":{"line":3,"column":389},"end":{"line":3,"column":403}}],"line":3},"4":{"loc":{"start":{"line":3,"column":441},"end":{"line":3,"column":754}},"type":"if","locations":[{"start":{"line":3,"column":441},"end":{"line":3,"column":754}},{"start":{"line":3,"column":441},"end":{"line":3,"column":754}}],"line":3},"5":{"loc":{"start":{"line":3,"column":481},"end":{"line":3,"column":752}},"type":"if","locations":[{"start":{"line":3,"column":481},"end":{"line":3,"column":752}},{"start":{"line":3,"column":481},"end":{"line":3,"column":752}}],"line":3},"6":{"loc":{"start":{"line":3,"column":545},"end":{"line":3,"column":650}},"type":"cond-expr","locations":[{"start":{"line":3,"column":604},"end":{"line":3,"column":645}},{"start":{"line":3,"column":648},"end":{"line":3,"column":650}}],"line":3},"7":{"loc":{"start":{"line":3,"column":545},"end":{"line":3,"column":601}},"type":"binary-expr","locations":[{"start":{"line":3,"column":545},"end":{"line":3,"column":566}},{"start":{"line":3,"column":570},"end":{"line":3,"column":601}}],"line":3},"8":{"loc":{"start":{"line":3,"column":651},"end":{"line":3,"column":751}},"type":"if","locations":[{"start":{"line":3,"column":651},"end":{"line":3,"column":751}},{"start":{"line":3,"column":651},"end":{"line":3,"column":751}}],"line":3},"9":{"loc":{"start":{"line":3,"column":655},"end":{"line":3,"column":675}},"type":"binary-expr","locations":[{"start":{"line":3,"column":655},"end":{"line":3,"column":663}},{"start":{"line":3,"column":667},"end":{"line":3,"column":675}}],"line":3},"10":{"loc":{"start":{"line":3,"column":880},"end":{"line":3,"column":920}},"type":"cond-expr","locations":[{"start":{"line":3,"column":903},"end":{"line":3,"column":915}},{"start":{"line":3,"column":918},"end":{"line":3,"column":920}}],"line":3},"11":{"loc":{"start":{"line":3,"column":955},"end":{"line":3,"column":1165}},"type":"if","locations":[{"start":{"line":3,"column":955},"end":{"line":3,"column":1165}},{"start":{"line":3,"column":955},"end":{"line":3,"column":1165}}],"line":3},"12":{"loc":{"start":{"line":3,"column":1301},"end":{"line":3,"column":1448}},"type":"if","locations":[{"start":{"line":3,"column":1301},"end":{"line":3,"column":1448}},{"start":{"line":3,"column":1301},"end":{"line":3,"column":1448}}],"line":3},"13":{"loc":{"start":{"line":3,"column":1501},"end":{"line":3,"column":1573}},"type":"binary-expr","locations":[{"start":{"line":3,"column":1501},"end":{"line":3,"column":1524}},{"start":{"line":3,"column":1528},"end":{"line":3,"column":1549}},{"start":{"line":3,"column":1553},"end":{"line":3,"column":1573}}],"line":3},"14":{"loc":{"start":{"line":3,"column":1711},"end":{"line":3,"column":1885}},"type":"if","locations":[{"start":{"line":3,"column":1711},"end":{"line":3,"column":1885}},{"start":{"line":3,"column":1711},"end":{"line":3,"column":1885}}],"line":3},"15":{"loc":{"start":{"line":3,"column":1715},"end":{"line":3,"column":1859}},"type":"binary-expr","locations":[{"start":{"line":3,"column":1715},"end":{"line":3,"column":1794}},{"start":{"line":3,"column":1798},"end":{"line":3,"column":1859}}],"line":3},"16":{"loc":{"start":{"line":3,"column":1716},"end":{"line":3,"column":1777}},"type":"cond-expr","locations":[{"start":{"line":3,"column":1747},"end":{"line":3,"column":1762}},{"start":{"line":3,"column":1765},"end":{"line":3,"column":1777}}],"line":3},"17":{"loc":{"start":{"line":3,"column":1920},"end":{"line":3,"column":2044}},"type":"if","locations":[{"start":{"line":3,"column":1920},"end":{"line":3,"column":2044}},{"start":{"line":3,"column":1920},"end":{"line":3,"column":2044}}],"line":3},"18":{"loc":{"start":{"line":3,"column":2094},"end":{"line":3,"column":2193}},"type":"if","locations":[{"start":{"line":3,"column":2094},"end":{"line":3,"column":2193}},{"start":{"line":3,"column":2094},"end":{"line":3,"column":2193}}],"line":3},"19":{"loc":{"start":{"line":3,"column":2327},"end":{"line":3,"column":2357}},"type":"binary-expr","locations":[{"start":{"line":3,"column":2327},"end":{"line":3,"column":2348}},{"start":{"line":3,"column":2352},"end":{"line":3,"column":2357}}],"line":3},"20":{"loc":{"start":{"line":3,"column":2389},"end":{"line":3,"column":2443}},"type":"if","locations":[{"start":{"line":3,"column":2389},"end":{"line":3,"column":2443}},{"start":{"line":3,"column":2389},"end":{"line":3,"column":2443}}],"line":3},"21":{"loc":{"start":{"line":3,"column":2564},"end":{"line":3,"column":2633}},"type":"if","locations":[{"start":{"line":3,"column":2564},"end":{"line":3,"column":2633}},{"start":{"line":3,"column":2564},"end":{"line":3,"column":2633}}],"line":3},"22":{"loc":{"start":{"line":3,"column":2633},"end":{"line":3,"column":2694}},"type":"if","locations":[{"start":{"line":3,"column":2633},"end":{"line":3,"column":2694}},{"start":{"line":3,"column":2633},"end":{"line":3,"column":2694}}],"line":3},"23":{"loc":{"start":{"line":3,"column":2763},"end":{"line":3,"column":2847}},"type":"if","locations":[{"start":{"line":3,"column":2763},"end":{"line":3,"column":2847}},{"start":{"line":3,"column":2763},"end":{"line":3,"column":2847}}],"line":3},"24":{"loc":{"start":{"line":3,"column":2767},"end":{"line":3,"column":2831}},"type":"binary-expr","locations":[{"start":{"line":3,"column":2767},"end":{"line":3,"column":2771}},{"start":{"line":3,"column":2776},"end":{"line":3,"column":2800}},{"start":{"line":3,"column":2804},"end":{"line":3,"column":2830}}],"line":3},"25":{"loc":{"start":{"line":3,"column":2923},"end":{"line":3,"column":3032}},"type":"if","locations":[{"start":{"line":3,"column":2923},"end":{"line":3,"column":3032}},{"start":{"line":3,"column":2923},"end":{"line":3,"column":3032}}],"line":3},"26":{"loc":{"start":{"line":3,"column":3092},"end":{"line":3,"column":3217}},"type":"cond-expr","locations":[{"start":{"line":3,"column":3116},"end":{"line":3,"column":3137}},{"start":{"line":3,"column":3140},"end":{"line":3,"column":3217}}],"line":3},"27":{"loc":{"start":{"line":3,"column":3176},"end":{"line":3,"column":3215}},"type":"binary-expr","locations":[{"start":{"line":3,"column":3176},"end":{"line":3,"column":3187}},{"start":{"line":3,"column":3191},"end":{"line":3,"column":3215}}],"line":3},"28":{"loc":{"start":{"line":3,"column":3287},"end":{"line":3,"column":3424}},"type":"if","locations":[{"start":{"line":3,"column":3287},"end":{"line":3,"column":3424}},{"start":{"line":3,"column":3287},"end":{"line":3,"column":3424}}],"line":3},"29":{"loc":{"start":{"line":3,"column":3291},"end":{"line":3,"column":3346}},"type":"binary-expr","locations":[{"start":{"line":3,"column":3291},"end":{"line":3,"column":3323}},{"start":{"line":3,"column":3327},"end":{"line":3,"column":3346}}],"line":3},"30":{"loc":{"start":{"line":3,"column":3459},"end":{"line":3,"column":3493}},"type":"binary-expr","locations":[{"start":{"line":3,"column":3459},"end":{"line":3,"column":3469}},{"start":{"line":3,"column":3473},"end":{"line":3,"column":3493}}],"line":3},"31":{"loc":{"start":{"line":3,"column":3569},"end":{"line":3,"column":3623}},"type":"if","locations":[{"start":{"line":3,"column":3569},"end":{"line":3,"column":3623}},{"start":{"line":3,"column":3569},"end":{"line":3,"column":3623}}],"line":3},"32":{"loc":{"start":{"line":3,"column":3674},"end":{"line":3,"column":3757}},"type":"binary-expr","locations":[{"start":{"line":3,"column":3674},"end":{"line":3,"column":3695}},{"start":{"line":3,"column":3699},"end":{"line":3,"column":3757}}],"line":3},"33":{"loc":{"start":{"line":21,"column":6},"end":{"line":23,"column":7}},"type":"if","locations":[{"start":{"line":21,"column":6},"end":{"line":23,"column":7}},{"start":{"line":21,"column":6},"end":{"line":23,"column":7}}],"line":21},"34":{"loc":{"start":{"line":21,"column":10},"end":{"line":21,"column":55}},"type":"binary-expr","locations":[{"start":{"line":21,"column":10},"end":{"line":21,"column":15}},{"start":{"line":21,"column":19},"end":{"line":21,"column":55}}],"line":21}},"s":{"0":1,"1":1,"2":1,"3":1,"4":1,"5":1,"6":1,"7":1,"8":0,"9":1,"10":1,"11":1,"12":19,"13":19,"14":19,"15":0,"16":19,"17":1,"18":1,"19":0,"20":0,"21":0,"22":0,"23":0,"24":0,"25":0,"26":0,"27":0,"28":0,"29":0,"30":0,"31":0,"32":0,"33":0,"34":0,"35":0,"36":0,"37":0,"38":0,"39":0,"40":1,"41":0,"42":1,"43":2,"44":2,"45":2,"46":2,"47":2,"48":2,"49":1,"50":1,"51":1,"52":0,"53":1,"54":1,"55":0,"56":1,"57":1,"58":0,"59":1,"60":1,"61":0,"62":1,"63":1,"64":0,"65":1,"66":1,"67":1,"68":1,"69":0,"70":0,"71":1,"72":1,"73":1,"74":1,"75":1,"76":1,"77":1,"78":1,"79":1,"80":0,"81":0,"82":0,"83":1,"84":0,"85":0,"86":0,"87":1,"88":1,"89":1,"90":1,"91":0,"92":0,"93":0,"94":1,"95":1,"96":1,"97":1,"98":1,"99":1,"100":0,"101":1,"102":0,"103":0,"104":1,"105":1,"106":1},"f":{"0":1,"1":1,"2":0,"3":0,"4":0,"5":0,"6":0,"7":0,"8":0,"9":0,"10":1,"11":1,"12":1,"13":1,"14":1,"15":1,"16":0,"17":1,"18":1,"19":0,"20":1,"21":1,"22":0,"23":0,"24":0,"25":0,"26":0,"27":0,"28":1,"29":0,"30":1,"31":0,"32":0},"b":{"0":[1,0],"1":[1,1],"2":[0,1],"3":[1,1],"4":[1,0],"5":[19,0],"6":[19,0],"7":[19,19],"8":[0,19],"9":[19,19],"10":[0,0],"11":[0,0],"12":[0,0],"13":[0,0,0],"14":[0,0],"15":[0,0],"16":[0,0],"17":[0,0],"18":[0,1],"19":[2,2],"20":[2,0],"21":[1,0],"22":[0,1],"23":[0,1],"24":[1,0,0],"25":[0,1],"26":[1,0],"27":[0,0],"28":[0,1],"29":[1,0],"30":[1,1],"31":[1,0],"32":[1,0],"33":[0,0],"34":[0,0]},"_coverageSchema":"332fd63041d2c1bcb487cc26dd0d5f7d97098a6c","hash":"89a1af1ec6ae4eb50e47a7f1c0ebda82a77fe5c9"}
,"/Users/arnaudbeguin/Repos/meetup/react-native-meetup/workshops/meetup-5-flechettes/src/components/common/PrimaryButton.js": {"path":"/Users/arnaudbeguin/Repos/meetup/react-native-meetup/workshops/meetup-5-flechettes/src/components/common/PrimaryButton.js","statementMap":{"0":{"start":{"line":1,"column":13},"end":{"line":1,"column":75}},"1":{"start":{"line":1,"column":75},"end":{"line":1,"column":100}},"2":{"start":{"line":1,"column":113},"end":{"line":1,"column":153}},"3":{"start":{"line":2,"column":19},"end":{"line":2,"column":42}},"4":{"start":{"line":2,"column":62},"end":{"line":2,"column":185}},"5":{"start":{"line":2,"column":224},"end":{"line":2,"column":278}},"6":{"start":{"line":4,"column":20},"end":{"line":11,"column":1}},"7":{"start":{"line":5,"column":10},"end":{"line":5,"column":21}},"8":{"start":{"line":5,"column":32},"end":{"line":5,"column":45}},"9":{"start":{"line":6,"column":2},"end":{"line":8,"column":138}},"10":{"start":{"line":13,"column":13},"end":{"line":18,"column":28}},"11":{"start":{"line":22,"column":0},"end":{"line":22,"column":13}},"12":{"start":{"line":22,"column":14},"end":{"line":22,"column":41}}},"fnMap":{"0":{"name":"_interopRequireDefault","decl":{"start":{"line":2,"column":195},"end":{"line":2,"column":217}},"loc":{"start":{"line":2,"column":223},"end":{"line":2,"column":279}},"line":2},"1":{"name":"PrimaryButton","decl":{"start":{"line":4,"column":29},"end":{"line":4,"column":42}},"loc":{"start":{"line":4,"column":50},"end":{"line":11,"column":1}},"line":4}},"branchMap":{"0":{"loc":{"start":{"line":2,"column":231},"end":{"line":2,"column":277}},"type":"cond-expr","locations":[{"start":{"line":2,"column":255},"end":{"line":2,"column":258}},{"start":{"line":2,"column":261},"end":{"line":2,"column":277}}],"line":2},"1":{"loc":{"start":{"line":2,"column":231},"end":{"line":2,"column":252}},"type":"binary-expr","locations":[{"start":{"line":2,"column":231},"end":{"line":2,"column":234}},{"start":{"line":2,"column":238},"end":{"line":2,"column":252}}],"line":2}},"s":{"0":2,"1":2,"2":2,"3":2,"4":2,"5":2,"6":2,"7":2,"8":2,"9":2,"10":2,"11":2,"12":2},"f":{"0":2,"1":2},"b":{"0":[0,2],"1":[2,2]},"_coverageSchema":"332fd63041d2c1bcb487cc26dd0d5f7d97098a6c","hash":"35ae8c3bf46488fca953f7f63ffc0220cc17d484"}
}
