TN:
SF:/Users/arnaudbeguin/Repos/meetup/react-native-meetup/workshops/meetup-5-flechettes/src/components/GamePage/GamePageView.js
FN:2,_interopRequireWildcard
FN:2,_classCallCheck
FN:2,_defineProperties
FN:2,_createClass
FN:2,_possibleConstructorReturn
FN:2,_assertThisInitialized
FN:2,_getPrototypeOf
FN:2,_getPrototypeOf
FN:2,_inherits
FN:2,_setPrototypeOf
FN:2,_setPrototypeOf
FN:4,(anonymous_11)
FN:4,GamePageView
FN:4,render
FNF:14
FNH:12
FNDA:1,_interopRequireWildcard
FNDA:1,_classCallCheck
FNDA:1,_defineProperties
FNDA:1,_createClass
FNDA:1,_possibleConstructorReturn
FNDA:1,_assertThisInitialized
FNDA:1,_getPrototypeOf
FNDA:0,_getPrototypeOf
FNDA:1,_inherits
FNDA:1,_setPrototypeOf
FNDA:0,_setPrototypeOf
FNDA:1,(anonymous_11)
FNDA:1,GamePageView
FNDA:1,render
DA:1,1
DA:2,19
DA:4,1
DA:6,1
DA:9,1
DA:12,1
LF:6
LH:6
BRDA:2,0,0,0
BRDA:2,0,1,1
BRDA:2,1,0,1
BRDA:2,1,1,1
BRDA:2,2,0,1
BRDA:2,2,1,0
BRDA:2,3,0,19
BRDA:2,3,1,0
BRDA:2,4,0,19
BRDA:2,4,1,0
BRDA:2,5,0,19
BRDA:2,5,1,19
BRDA:2,6,0,0
BRDA:2,6,1,19
BRDA:2,7,0,19
BRDA:2,7,1,19
BRDA:2,8,0,0
BRDA:2,8,1,1
BRDA:2,9,0,1
BRDA:2,9,1,1
BRDA:2,10,0,1
BRDA:2,10,1,0
BRDA:2,11,0,1
BRDA:2,11,1,0
BRDA:2,12,0,0
BRDA:2,12,1,1
BRDA:2,13,0,0
BRDA:2,13,1,1
BRDA:2,14,0,1
BRDA:2,14,1,0
BRDA:2,14,2,0
BRDA:2,15,0,0
BRDA:2,15,1,1
BRDA:2,16,0,1
BRDA:2,16,1,0
BRDA:2,17,0,0
BRDA:2,17,1,0
BRDA:2,18,0,0
BRDA:2,18,1,1
BRDA:2,19,0,1
BRDA:2,19,1,0
BRDA:2,20,0,1
BRDA:2,20,1,1
BRDA:2,21,0,1
BRDA:2,21,1,0
BRDA:2,22,0,1
BRDA:2,22,1,0
BRF:47
BRH:27
end_of_record
TN:
SF:/Users/arnaudbeguin/Repos/meetup/react-native-meetup/workshops/meetup-5-flechettes/src/components/GameScorePage/GameScorePageView.js
FN:2,_interopRequireWildcard
FN:2,_classCallCheck
FN:2,_defineProperties
FN:2,_createClass
FN:2,_possibleConstructorReturn
FN:2,_assertThisInitialized
FN:2,_getPrototypeOf
FN:2,_getPrototypeOf
FN:2,_inherits
FN:2,_setPrototypeOf
FN:2,_setPrototypeOf
FN:4,(anonymous_11)
FN:4,GameScorePageView
FN:4,render
FNF:14
FNH:12
FNDA:1,_interopRequireWildcard
FNDA:1,_classCallCheck
FNDA:1,_defineProperties
FNDA:1,_createClass
FNDA:1,_possibleConstructorReturn
FNDA:1,_assertThisInitialized
FNDA:1,_getPrototypeOf
FNDA:0,_getPrototypeOf
FNDA:1,_inherits
FNDA:1,_setPrototypeOf
FNDA:0,_setPrototypeOf
FNDA:1,(anonymous_11)
FNDA:1,GameScorePageView
FNDA:1,render
DA:1,1
DA:2,19
DA:4,1
DA:6,1
DA:9,1
DA:12,1
LF:6
LH:6
BRDA:2,0,0,0
BRDA:2,0,1,1
BRDA:2,1,0,1
BRDA:2,1,1,1
BRDA:2,2,0,1
BRDA:2,2,1,0
BRDA:2,3,0,19
BRDA:2,3,1,0
BRDA:2,4,0,19
BRDA:2,4,1,0
BRDA:2,5,0,19
BRDA:2,5,1,19
BRDA:2,6,0,0
BRDA:2,6,1,19
BRDA:2,7,0,19
BRDA:2,7,1,19
BRDA:2,8,0,0
BRDA:2,8,1,1
BRDA:2,9,0,1
BRDA:2,9,1,1
BRDA:2,10,0,1
BRDA:2,10,1,0
BRDA:2,11,0,1
BRDA:2,11,1,0
BRDA:2,12,0,0
BRDA:2,12,1,1
BRDA:2,13,0,0
BRDA:2,13,1,1
BRDA:2,14,0,1
BRDA:2,14,1,0
BRDA:2,14,2,0
BRDA:2,15,0,0
BRDA:2,15,1,1
BRDA:2,16,0,1
BRDA:2,16,1,0
BRDA:2,17,0,0
BRDA:2,17,1,0
BRDA:2,18,0,0
BRDA:2,18,1,1
BRDA:2,19,0,1
BRDA:2,19,1,0
BRDA:2,20,0,1
BRDA:2,20,1,1
BRDA:2,21,0,1
BRDA:2,21,1,0
BRDA:2,22,0,1
BRDA:2,22,1,0
BRF:47
BRH:27
end_of_record
TN:
SF:/Users/arnaudbeguin/Repos/meetup/react-native-meetup/workshops/meetup-5-flechettes/src/components/PlayerScorePage/PlayerScorePageView.js
FN:2,_interopRequireWildcard
FN:2,_classCallCheck
FN:2,_defineProperties
FN:2,_createClass
FN:2,_possibleConstructorReturn
FN:2,_assertThisInitialized
FN:2,_getPrototypeOf
FN:2,_getPrototypeOf
FN:2,_inherits
FN:2,_setPrototypeOf
FN:2,_setPrototypeOf
FN:4,(anonymous_11)
FN:4,PlayerScorePageView
FN:4,render
FNF:14
FNH:12
FNDA:1,_interopRequireWildcard
FNDA:1,_classCallCheck
FNDA:1,_defineProperties
FNDA:1,_createClass
FNDA:1,_possibleConstructorReturn
FNDA:1,_assertThisInitialized
FNDA:1,_getPrototypeOf
FNDA:0,_getPrototypeOf
FNDA:1,_inherits
FNDA:1,_setPrototypeOf
FNDA:0,_setPrototypeOf
FNDA:1,(anonymous_11)
FNDA:1,PlayerScorePageView
FNDA:1,render
DA:1,1
DA:2,19
DA:4,1
DA:6,1
DA:9,1
DA:12,1
LF:6
LH:6
BRDA:2,0,0,0
BRDA:2,0,1,1
BRDA:2,1,0,1
BRDA:2,1,1,1
BRDA:2,2,0,1
BRDA:2,2,1,0
BRDA:2,3,0,19
BRDA:2,3,1,0
BRDA:2,4,0,19
BRDA:2,4,1,0
BRDA:2,5,0,19
BRDA:2,5,1,19
BRDA:2,6,0,0
BRDA:2,6,1,19
BRDA:2,7,0,19
BRDA:2,7,1,19
BRDA:2,8,0,0
BRDA:2,8,1,1
BRDA:2,9,0,1
BRDA:2,9,1,1
BRDA:2,10,0,1
BRDA:2,10,1,0
BRDA:2,11,0,1
BRDA:2,11,1,0
BRDA:2,12,0,0
BRDA:2,12,1,1
BRDA:2,13,0,0
BRDA:2,13,1,1
BRDA:2,14,0,1
BRDA:2,14,1,0
BRDA:2,14,2,0
BRDA:2,15,0,0
BRDA:2,15,1,1
BRDA:2,16,0,1
BRDA:2,16,1,0
BRDA:2,17,0,0
BRDA:2,17,1,0
BRDA:2,18,0,0
BRDA:2,18,1,1
BRDA:2,19,0,1
BRDA:2,19,1,0
BRDA:2,20,0,1
BRDA:2,20,1,1
BRDA:2,21,0,1
BRDA:2,21,1,0
BRDA:2,22,0,1
BRDA:2,22,1,0
BRF:47
BRH:27
end_of_record
TN:
SF:/Users/arnaudbeguin/Repos/meetup/react-native-meetup/workshops/meetup-5-flechettes/src/components/PlayerSelectionPage/PlayerSelectionPageView.js
FN:3,_interopRequireDefault
FN:3,_interopRequireWildcard
FN:3,_objectSpread
FN:3,(anonymous_3)
FN:3,(anonymous_4)
FN:3,_defineProperty
FN:3,_toConsumableArray
FN:3,_nonIterableSpread
FN:3,_iterableToArray
FN:3,_arrayWithoutHoles
FN:3,_classCallCheck
FN:3,_defineProperties
FN:3,_createClass
FN:3,_possibleConstructorReturn
FN:3,_assertThisInitialized
FN:3,_getPrototypeOf
FN:3,_getPrototypeOf
FN:3,_inherits
FN:3,_setPrototypeOf
FN:3,_setPrototypeOf
FN:7,(anonymous_20)
FN:8,PlayerSelectionPageView
FN:13,(anonymous_22)
FN:19,(anonymous_23)
FN:30,(anonymous_24)
FN:32,removePlayer
FN:32,(anonymous_26)
FN:32,(anonymous_27)
FN:32,render
FN:41,onChangeText
FN:45,(anonymous_30)
FN:49,onPress
FN:50,onPress
FNF:33
FNH:14
FNDA:1,_interopRequireDefault
FNDA:1,_interopRequireWildcard
FNDA:0,_objectSpread
FNDA:0,(anonymous_3)
FNDA:0,(anonymous_4)
FNDA:0,_defineProperty
FNDA:0,_toConsumableArray
FNDA:0,_nonIterableSpread
FNDA:0,_iterableToArray
FNDA:0,_arrayWithoutHoles
FNDA:1,_classCallCheck
FNDA:1,_defineProperties
FNDA:1,_createClass
FNDA:1,_possibleConstructorReturn
FNDA:1,_assertThisInitialized
FNDA:1,_getPrototypeOf
FNDA:0,_getPrototypeOf
FNDA:1,_inherits
FNDA:1,_setPrototypeOf
FNDA:0,_setPrototypeOf
FNDA:1,(anonymous_20)
FNDA:1,PlayerSelectionPageView
FNDA:0,(anonymous_22)
FNDA:0,(anonymous_23)
FNDA:0,(anonymous_24)
FNDA:0,removePlayer
FNDA:0,(anonymous_26)
FNDA:0,(anonymous_27)
FNDA:1,render
FNDA:0,onChangeText
FNDA:1,(anonymous_30)
FNDA:0,onPress
FNDA:0,onPress
DA:1,1
DA:2,1
DA:3,19
DA:5,1
DA:7,1
DA:8,1
DA:9,1
DA:14,0
DA:15,0
DA:16,0
DA:17,1
DA:20,0
DA:21,0
DA:22,0
DA:24,1
DA:32,1
DA:34,1
DA:35,1
DA:36,1
DA:41,0
DA:45,1
DA:49,0
DA:50,0
DA:57,1
DA:60,1
LF:25
LH:16
BRDA:3,0,0,1
BRDA:3,0,1,0
BRDA:3,1,0,1
BRDA:3,1,1,1
BRDA:3,2,0,0
BRDA:3,2,1,1
BRDA:3,3,0,1
BRDA:3,3,1,1
BRDA:3,4,0,1
BRDA:3,4,1,0
BRDA:3,5,0,19
BRDA:3,5,1,0
BRDA:3,6,0,19
BRDA:3,6,1,0
BRDA:3,7,0,19
BRDA:3,7,1,19
BRDA:3,8,0,0
BRDA:3,8,1,19
BRDA:3,9,0,19
BRDA:3,9,1,19
BRDA:3,10,0,0
BRDA:3,10,1,0
BRDA:3,11,0,0
BRDA:3,11,1,0
BRDA:3,12,0,0
BRDA:3,12,1,0
BRDA:3,13,0,0
BRDA:3,13,1,0
BRDA:3,13,2,0
BRDA:3,14,0,0
BRDA:3,14,1,0
BRDA:3,15,0,0
BRDA:3,15,1,0
BRDA:3,16,0,0
BRDA:3,16,1,0
BRDA:3,17,0,0
BRDA:3,17,1,0
BRDA:3,18,0,0
BRDA:3,18,1,1
BRDA:3,19,0,2
BRDA:3,19,1,2
BRDA:3,20,0,2
BRDA:3,20,1,0
BRDA:3,21,0,1
BRDA:3,21,1,0
BRDA:3,22,0,0
BRDA:3,22,1,1
BRDA:3,23,0,0
BRDA:3,23,1,1
BRDA:3,24,0,1
BRDA:3,24,1,0
BRDA:3,24,2,0
BRDA:3,25,0,0
BRDA:3,25,1,1
BRDA:3,26,0,1
BRDA:3,26,1,0
BRDA:3,27,0,0
BRDA:3,27,1,0
BRDA:3,28,0,0
BRDA:3,28,1,1
BRDA:3,29,0,1
BRDA:3,29,1,0
BRDA:3,30,0,1
BRDA:3,30,1,1
BRDA:3,31,0,1
BRDA:3,31,1,0
BRDA:3,32,0,1
BRDA:3,32,1,0
BRDA:21,33,0,0
BRDA:21,33,1,0
BRDA:21,34,0,0
BRDA:21,34,1,0
BRF:72
BRH:30
end_of_record
TN:
SF:/Users/arnaudbeguin/Repos/meetup/react-native-meetup/workshops/meetup-5-flechettes/src/components/common/PrimaryButton.js
FN:2,_interopRequireDefault
FN:4,PrimaryButton
FNF:2
FNH:2
FNDA:2,_interopRequireDefault
FNDA:2,PrimaryButton
DA:1,2
DA:2,2
DA:4,2
DA:5,2
DA:6,2
DA:13,2
DA:22,2
LF:7
LH:7
BRDA:2,0,0,0
BRDA:2,0,1,2
BRDA:2,1,0,2
BRDA:2,1,1,2
BRF:4
BRH:3
end_of_record
